<?xml version="1.0" encoding="UTF-8"?>
<!-- Generated by org.testng.reporters.JUnitXMLReporter -->
<testsuite ignored="0" hostname="DESKTOP-N9112CN" failures="0" tests="3" name="E-Commerce Tests" time="12.898" errors="0" timestamp="2025-11-29T11:50:45 IST">
  <testcase classname="tests.LoginTest" name="verifyLogin" time="0.591"/>
  <testcase classname="tests.LoginTest" name="verifyLogin" time="0.509"/>
  <testcase classname="tests.AddToCartTest" name="verifyAddToCart" time="0.979"/>
</testsuite> <!-- E-Commerce Tests -->
