<?xml version="1.0" encoding="UTF-8"?>
<!-- Generated by org.testng.reporters.JUnitXMLReporter -->
<testsuite ignored="0" hostname="DESKTOP-N9112CN" failures="1" tests="4" name="Login Tests" time="10.634" errors="0" timestamp="2025-11-06T22:53:54 IST">
  <testcase classname="tests.LoginTest" name="verifyLogin" time="0.591"/>
  <testcase classname="tests.LoginTest" name="verifyLogin" time="0.538"/>
  <testcase classname="tests.AddToCartTest" name="verifyAddToCart" time="0.905"/>
  <testcase classname="tests.CheckoutTest" name="verifyCheckoutProcess" time="0.003">
    <failure type="java.lang.NullPointerException" message="Cannot invoke &amp;quot;org.openqa.selenium.WebDriver.findElement(org.openqa.selenium.By)&amp;quot; because &amp;quot;this.driver&amp;quot; is null">
      <![CDATA[java.lang.NullPointerException: Cannot invoke "org.openqa.selenium.WebDriver.findElement(org.openqa.selenium.By)" because "this.driver" is null
at pages.LoginPage.login(LoginPage.java:18)
at tests.CheckoutTest.verifyCheckoutProcess(CheckoutTest.java:25)
at java.base/java.util.ArrayList.forEach(ArrayList.java:1596)
... Removed 25 stack frames]]>
    </failure>
  </testcase> <!-- verifyCheckoutProcess -->
</testsuite> <!-- Login Tests -->
