<?xml version="1.0" encoding="UTF-8"?>
<testng-results ignored="0" total="1" passed="1" failed="0" skipped="0">
  <reporter-output>
  </reporter-output>
  <suite started-at="2026-02-15T19:40:34 IST" name="Default suite" finished-at="2026-02-15T19:40:43 IST" duration-ms="8806">
    <groups>
    </groups>
    <test started-at="2026-02-15T19:40:34 IST" name="Default test" finished-at="2026-02-15T19:40:43 IST" duration-ms="8806">
      <class name="tests.AddToCartTest">
        <test-method is-config="true" signature="setUp(java.lang.String)[pri:0, instance:tests.AddToCartTest@1ff4931d]" started-at="2026-02-15T19:40:35 IST" name="setUp" finished-at="2026-02-15T19:40:41 IST" duration-ms="6530" status="PASS">
          <params>
            <param index="0">
              <value>
                <![CDATA[chrome]]>
              </value>
            </param>
          </params>
          <reporter-output>
          </reporter-output>
        </test-method> <!-- setUp -->
        <test-method signature="verifyAddToCart()[pri:0, instance:tests.AddToCartTest@1ff4931d]" started-at="2026-02-15T19:40:41 IST" name="verifyAddToCart" finished-at="2026-02-15T19:40:42 IST" duration-ms="1314" status="PASS">
          <reporter-output>
          </reporter-output>
        </test-method> <!-- verifyAddToCart -->
        <test-method is-config="true" signature="tearDown()[pri:0, instance:tests.AddToCartTest@1ff4931d]" started-at="2026-02-15T19:40:42 IST" name="tearDown" finished-at="2026-02-15T19:40:43 IST" duration-ms="582" status="PASS">
          <reporter-output>
          </reporter-output>
        </test-method> <!-- tearDown -->
      </class> <!-- tests.AddToCartTest -->
    </test> <!-- Default test -->
  </suite> <!-- Default suite -->
</testng-results>
